<?xml version="1.0" encoding="UTF-8"?><testsuite errors="0" failures="1" name="Validation on Landing page" skipped="0" tests="3" time="18.72" timestamp="2021-08-30 12:11:26"><testcase name="Validate that the user is navigated to Welcome page"><failure message="expected:&lt;false&gt; but was:&lt;true&gt;" type="java.lang.AssertionError">expected:&lt;false&gt; but was:&lt;true&gt;</failure><system-err>expected:&lt;false&gt; but was:&lt;true&gt;&#13;
Stepdefinition.Landing_positive_scenarios.navigate_to_welcome_page(Landing_positive_scenarios.java:29)&#13;
✽.navigated to Welcome page(file:///D:/automation/MpoweredHealth_repos/DEvice%20automation/MPH-IOS-ANDROID-4-main/src/test/resources/features/01_Landing_positive_scenarios.feature:6)&#13;
</system-err></testcase><testcase name="Validate user is able to click on 'Sign Up' button and navigate to Sign Up page"/><testcase name="Validate user is able to click on 'Login' button and navigate to Login page"/></testsuite>